<?xml version="1.0" encoding="UTF-8"?>
<!-- Generated by org.testng.reporters.JUnitReportReporter -->
<testsuite skipped="0" hostname="iza-Komputer" name="com.automationpractice.testcases.MainPageTest" tests="1" failures="0" timestamp="17 Feb 2019 21:01:48 GMT" time="4.405" errors="0">
  <testcase name="onPressLogInButtonMoveToLoginSiteTest" time="4.405" classname="com.automationpractice.testcases.MainPageTest"/>
</testsuite> <!-- com.automationpractice.testcases.MainPageTest -->
