<?xml version="1.0" encoding="UTF-8"?>
<!-- Generated by org.testng.reporters.JUnitReportReporter -->
<testsuite skipped="0" hostname="iza-Komputer" name="com.automationpractice.testcases.MainPageTest" tests="2" failures="0" timestamp="10 Mar 2019 14:43:36 GMT" time="38.286" errors="0">
  <testcase name="moveOverElementShowsBuyingAndDetailsOptionsTest" time="11.759" classname="com.automationpractice.testcases.MainPageTest"/>
  <testcase name="orderedSuccesfullyPayByBankWire" time="26.527" classname="com.automationpractice.testcases.MainPageTest"/>
</testsuite> <!-- com.automationpractice.testcases.MainPageTest -->
