<?xml version="1.0" encoding="UTF-8"?>
<!-- Generated by org.testng.reporters.JUnitReportReporter -->
<testsuite skipped="3" hostname="iza-Komputer" name="com.automationpractice.testcases.LoginAndCreateAnAccountPageTest" tests="7" failures="0" timestamp="13 lut 2019 11:24:30 GMT" time="28.811" errors="0">
  <testcase name="enterIncorrectLoginData" time="6.979" classname="com.automationpractice.testcases.LoginAndCreateAnAccountPageTest"/>
  <testcase name="enterIncorrectLoginData" time="6.496" classname="com.automationpractice.testcases.LoginAndCreateAnAccountPageTest"/>
  <testcase name="enterIncorrectLoginData" time="6.899" classname="com.automationpractice.testcases.LoginAndCreateAnAccountPageTest"/>
  <testcase name="enterIncorrectLoginData" time="8.437" classname="com.automationpractice.testcases.LoginAndCreateAnAccountPageTest"/>
  <testcase name="enterIncorrectEmailTest" classname="com.automationpractice.testcases.LoginAndCreateAnAccountPageTest">
    <skipped/>
  </testcase> <!-- enterIncorrectEmailTest -->
  <testcase name="enterCorrectLoginAndPasswordTest" classname="com.automationpractice.testcases.LoginAndCreateAnAccountPageTest">
    <skipped/>
  </testcase> <!-- enterCorrectLoginAndPasswordTest -->
  <testcase name="enterCorrectEmailTest" classname="com.automationpractice.testcases.LoginAndCreateAnAccountPageTest">
    <skipped/>
  </testcase> <!-- enterCorrectEmailTest -->
</testsuite> <!-- com.automationpractice.testcases.LoginAndCreateAnAccountPageTest -->
