<?xml version="1.0" encoding="UTF-8"?>
<!-- Generated by org.testng.reporters.JUnitReportReporter -->
<testsuite skipped="0" hostname="iza-Komputer" name="com.automationpractice.testcases.LoginAndCreateAnAccountPageTest" tests="11" failures="0" timestamp="12 lut 2019 14:01:06 GMT" time="209.654" errors="0">
  <testcase name="createAnAccount_enterIncorrectEmailTest" time="20.197" classname="com.automationpractice.testcases.LoginAndCreateAnAccountPageTest"/>
  <testcase name="createAnAccount_enterCorrectEmailTest" time="15.100" classname="com.automationpractice.testcases.LoginAndCreateAnAccountPageTest"/>
  <testcase name="createAnAccount_enterIncorrectEmailTest" time="21.509" classname="com.automationpractice.testcases.LoginAndCreateAnAccountPageTest"/>
  <testcase name="createAnAccount_enterIncorrectEmailTest" time="20.763" classname="com.automationpractice.testcases.LoginAndCreateAnAccountPageTest"/>
  <testcase name="createAnAccount_enterIncorrectEmailTest" time="20.945" classname="com.automationpractice.testcases.LoginAndCreateAnAccountPageTest"/>
  <testcase name="createAnAccount_enterCorrectEmailTest" time="15.271" classname="com.automationpractice.testcases.LoginAndCreateAnAccountPageTest"/>
  <testcase name="createAnAccount_enterCorrectEmailTest" time="14.679" classname="com.automationpractice.testcases.LoginAndCreateAnAccountPageTest"/>
  <testcase name="createAnAccount_enterIncorrectEmailTest" time="19.577" classname="com.automationpractice.testcases.LoginAndCreateAnAccountPageTest"/>
  <testcase name="createAnAccount_enterIncorrectEmailTest" time="20.336" classname="com.automationpractice.testcases.LoginAndCreateAnAccountPageTest"/>
  <testcase name="createAnAccount_enterIncorrectEmailTest" time="20.370" classname="com.automationpractice.testcases.LoginAndCreateAnAccountPageTest"/>
  <testcase name="createAnAccount_enterIncorrectEmailTest" time="20.907" classname="com.automationpractice.testcases.LoginAndCreateAnAccountPageTest"/>
</testsuite> <!-- com.automationpractice.testcases.LoginAndCreateAnAccountPageTest -->
