<?xml version="1.0" encoding="UTF-8"?>
<!-- Generated by org.testng.reporters.JUnitReportReporter -->
<testsuite skipped="0" hostname="iza-Komputer" name="com.automationpractice.testcases.MainPageTest" tests="1" failures="0" timestamp="21 Feb 2019 09:39:34 GMT" time="9.978" errors="0">
  <testcase name="onPressLogInButtonMoveToLoginSiteTest" time="9.978" classname="com.automationpractice.testcases.MainPageTest"/>
</testsuite> <!-- com.automationpractice.testcases.MainPageTest -->
