<?xml version="1.0" encoding="UTF-8"?>
<!-- Generated by org.testng.reporters.JUnitReportReporter -->
<testsuite skipped="0" hostname="iza-Komputer" name="com.automationpractice.testcases.LoginAndCreateAnAccountPageTest" tests="11" failures="0" timestamp="12 lut 2019 13:00:51 GMT" time="215.991" errors="0">
  <testcase name="createAnAccount_enterIncorrectEmailTest" time="21.656" classname="com.automationpractice.testcases.LoginAndCreateAnAccountPageTest"/>
  <testcase name="createAnAccount_enterCorrectEmailTest" time="14.876" classname="com.automationpractice.testcases.LoginAndCreateAnAccountPageTest"/>
  <testcase name="createAnAccount_enterIncorrectEmailTest" time="20.471" classname="com.automationpractice.testcases.LoginAndCreateAnAccountPageTest"/>
  <testcase name="createAnAccount_enterIncorrectEmailTest" time="21.466" classname="com.automationpractice.testcases.LoginAndCreateAnAccountPageTest"/>
  <testcase name="createAnAccount_enterIncorrectEmailTest" time="20.658" classname="com.automationpractice.testcases.LoginAndCreateAnAccountPageTest"/>
  <testcase name="createAnAccount_enterCorrectEmailTest" time="16.791" classname="com.automationpractice.testcases.LoginAndCreateAnAccountPageTest"/>
  <testcase name="createAnAccount_enterCorrectEmailTest" time="15.550" classname="com.automationpractice.testcases.LoginAndCreateAnAccountPageTest"/>
  <testcase name="createAnAccount_enterIncorrectEmailTest" time="21.459" classname="com.automationpractice.testcases.LoginAndCreateAnAccountPageTest"/>
  <testcase name="createAnAccount_enterIncorrectEmailTest" time="20.973" classname="com.automationpractice.testcases.LoginAndCreateAnAccountPageTest"/>
  <testcase name="createAnAccount_enterIncorrectEmailTest" time="21.099" classname="com.automationpractice.testcases.LoginAndCreateAnAccountPageTest"/>
  <testcase name="createAnAccount_enterIncorrectEmailTest" time="20.992" classname="com.automationpractice.testcases.LoginAndCreateAnAccountPageTest"/>
</testsuite> <!-- com.automationpractice.testcases.LoginAndCreateAnAccountPageTest -->
