<?xml version="1.0" encoding="UTF-8"?>
<!-- Generated by org.testng.reporters.JUnitReportReporter -->
<testsuite skipped="5" hostname="iza-Komputer" name="com.automationpractice.testcases.LoginAndCreateAnAccountPageTest" tests="6" failures="0" timestamp="20 Feb 2019 08:15:08 GMT" time="8.908" errors="0">
  <testcase name="enterCorrectLoginAndPasswordTest" time="8.908" classname="com.automationpractice.testcases.LoginAndCreateAnAccountPageTest"/>
  <testcase name="enterIncorrectEmailTest" classname="com.automationpractice.testcases.LoginAndCreateAnAccountPageTest">
    <skipped/>
  </testcase> <!-- enterIncorrectEmailTest -->
  <testcase name="enterExistingEmailTest" classname="com.automationpractice.testcases.LoginAndCreateAnAccountPageTest">
    <skipped/>
  </testcase> <!-- enterExistingEmailTest -->
  <testcase name="enterIncorrectLoginData" classname="com.automationpractice.testcases.LoginAndCreateAnAccountPageTest">
    <skipped/>
  </testcase> <!-- enterIncorrectLoginData -->
  <testcase name="enterCorrectEmailTest" classname="com.automationpractice.testcases.LoginAndCreateAnAccountPageTest">
    <skipped/>
  </testcase> <!-- enterCorrectEmailTest -->
  <testcase name="fillAllRegistrationFormWithCorrectData" classname="com.automationpractice.testcases.LoginAndCreateAnAccountPageTest">
    <skipped/>
  </testcase> <!-- fillAllRegistrationFormWithCorrectData -->
</testsuite> <!-- com.automationpractice.testcases.LoginAndCreateAnAccountPageTest -->
