<?xml version="1.0" encoding="UTF-8"?>
<!-- Generated by org.testng.reporters.JUnitReportReporter -->
<testsuite skipped="6" hostname="iza-Komputer" name="com.automationpractice.testcases.LoginAndCreateAnAccountPageTest" tests="6" failures="0" timestamp="14 lut 2019 11:35:16 GMT" time="0.000" errors="0">
  <testcase name="fillAllRegistrationFormWithCorrectData" time="0.000" classname="com.automationpractice.testcases.LoginAndCreateAnAccountPageTest">
    <skipped/>
  </testcase> <!-- fillAllRegistrationFormWithCorrectData -->
  <testcase name="enterIncorrectEmailTest" classname="com.automationpractice.testcases.LoginAndCreateAnAccountPageTest">
    <skipped/>
  </testcase> <!-- enterIncorrectEmailTest -->
  <testcase name="enterExistingEmailTest" classname="com.automationpractice.testcases.LoginAndCreateAnAccountPageTest">
    <skipped/>
  </testcase> <!-- enterExistingEmailTest -->
  <testcase name="enterIncorrectLoginData" classname="com.automationpractice.testcases.LoginAndCreateAnAccountPageTest">
    <skipped/>
  </testcase> <!-- enterIncorrectLoginData -->
  <testcase name="enterCorrectLoginAndPasswordTest" classname="com.automationpractice.testcases.LoginAndCreateAnAccountPageTest">
    <skipped/>
  </testcase> <!-- enterCorrectLoginAndPasswordTest -->
  <testcase name="enterCorrectEmailTest" classname="com.automationpractice.testcases.LoginAndCreateAnAccountPageTest">
    <skipped/>
  </testcase> <!-- enterCorrectEmailTest -->
</testsuite> <!-- com.automationpractice.testcases.LoginAndCreateAnAccountPageTest -->
