<?xml version="1.0" encoding="UTF-8"?>
<!-- Generated by org.testng.reporters.JUnitReportReporter -->
<testsuite skipped="4" hostname="iza-Komputer" name="com.automationpractice.testcases.LoginAndCreateAnAccountPageTest" tests="5" failures="0" timestamp="13 lut 2019 11:29:05 GMT" time="18.209" errors="0">
  <testcase name="enterExistingEmailTest" time="18.209" classname="com.automationpractice.testcases.LoginAndCreateAnAccountPageTest"/>
  <testcase name="enterIncorrectEmailTest" classname="com.automationpractice.testcases.LoginAndCreateAnAccountPageTest">
    <skipped/>
  </testcase> <!-- enterIncorrectEmailTest -->
  <testcase name="enterIncorrectLoginData" classname="com.automationpractice.testcases.LoginAndCreateAnAccountPageTest">
    <skipped/>
  </testcase> <!-- enterIncorrectLoginData -->
  <testcase name="enterCorrectLoginAndPasswordTest" classname="com.automationpractice.testcases.LoginAndCreateAnAccountPageTest">
    <skipped/>
  </testcase> <!-- enterCorrectLoginAndPasswordTest -->
  <testcase name="enterCorrectEmailTest" classname="com.automationpractice.testcases.LoginAndCreateAnAccountPageTest">
    <skipped/>
  </testcase> <!-- enterCorrectEmailTest -->
</testsuite> <!-- com.automationpractice.testcases.LoginAndCreateAnAccountPageTest -->
