<?xml version="1.0" encoding="UTF-8"?>
<!-- Generated by org.testng.reporters.JUnitReportReporter -->
<testsuite skipped="0" hostname="iza-Komputer" name="com.automationpractice.testcases.MainPageTest" tests="1" failures="0" timestamp="20 Feb 2019 12:55:12 GMT" time="10.502" errors="0">
  <testcase name="onPressLogInButtonMoveToLoginSiteTest" time="10.502" classname="com.automationpractice.testcases.MainPageTest"/>
</testsuite> <!-- com.automationpractice.testcases.MainPageTest -->
