<?xml version="1.0" encoding="UTF-8"?>
<!-- Generated by org.testng.reporters.JUnitReportReporter -->
<testsuite skipped="0" hostname="iza-Komputer" name="com.automationpractice.testcases.MainPageTest" tests="2" failures="0" timestamp="11 Mar 2019 11:12:00 GMT" time="46.455" errors="0">
  <testcase name="orderedSuccesfullyPaidByBankWire" time="36.078" classname="com.automationpractice.testcases.MainPageTest"/>
  <testcase name="moveOverElementShowsBuyingAndDetailsOptionsTest" time="10.377" classname="com.automationpractice.testcases.MainPageTest"/>
</testsuite> <!-- com.automationpractice.testcases.MainPageTest -->
