<?xml version="1.0" encoding="UTF-8"?>
<!-- Generated by org.testng.reporters.JUnitReportReporter -->
<testsuite skipped="0" hostname="iza-Komputer" name="com.automationpractice.testcases.MainPageTest" tests="2" failures="0" timestamp="05 Mar 2019 20:55:42 GMT" time="26.749" errors="0">
  <testcase name="addToCard" time="17.505" classname="com.automationpractice.testcases.MainPageTest"/>
  <testcase name="moveOverElementShowsBuyingAndDetailsOptionsTest" time="9.244" classname="com.automationpractice.testcases.MainPageTest"/>
</testsuite> <!-- com.automationpractice.testcases.MainPageTest -->
