<?xml version="1.0" encoding="UTF-8"?>
<!-- Generated by org.testng.reporters.JUnitReportReporter -->
<testsuite skipped="0" hostname="iza-Komputer" name="com.automationpractice.testcases.MainPageTest" tests="2" failures="0" timestamp="27 Mar 2019 20:55:51 GMT" time="39.843" errors="0">
  <testcase name="moveOverElementShowsBuyingAndDetailsOptionsTest" time="11.254" classname="com.automationpractice.testcases.MainPageTest"/>
  <testcase name="orderedSuccesfullyPaidByBankWire" time="28.589" classname="com.automationpractice.testcases.MainPageTest"/>
</testsuite> <!-- com.automationpractice.testcases.MainPageTest -->
