<?xml version="1.0" encoding="UTF-8"?>
<!-- Generated by org.testng.reporters.JUnitReportReporter -->
<testsuite skipped="0" hostname="iza-Komputer" name="com.automationpractice.testcases.LoginAndCreateAnAccountPageTest" tests="20" failures="0" timestamp="20 Feb 2019 07:54:22 GMT" time="189.034" errors="0">
  <testcase name="enterIncorrectEmailTest" time="9.789" classname="com.automationpractice.testcases.LoginAndCreateAnAccountPageTest"/>
  <testcase name="enterIncorrectLoginData" time="7.587" classname="com.automationpractice.testcases.LoginAndCreateAnAccountPageTest"/>
  <testcase name="enterExistingEmailTest" time="9.537" classname="com.automationpractice.testcases.LoginAndCreateAnAccountPageTest"/>
  <testcase name="fillAllRegistrationFormWithCorrectData" time="11.516" classname="com.automationpractice.testcases.LoginAndCreateAnAccountPageTest"/>
  <testcase name="enterCorrectEmailTest" time="7.947" classname="com.automationpractice.testcases.LoginAndCreateAnAccountPageTest"/>
  <testcase name="enterIncorrectEmailTest" time="9.745" classname="com.automationpractice.testcases.LoginAndCreateAnAccountPageTest"/>
  <testcase name="enterIncorrectLoginData" time="7.470" classname="com.automationpractice.testcases.LoginAndCreateAnAccountPageTest"/>
  <testcase name="enterIncorrectEmailTest" time="9.793" classname="com.automationpractice.testcases.LoginAndCreateAnAccountPageTest"/>
  <testcase name="enterCorrectLoginAndPasswordTest" time="7.838" classname="com.automationpractice.testcases.LoginAndCreateAnAccountPageTest"/>
  <testcase name="enterIncorrectEmailTest" time="9.757" classname="com.automationpractice.testcases.LoginAndCreateAnAccountPageTest"/>
  <testcase name="enterIncorrectEmailTest" time="9.941" classname="com.automationpractice.testcases.LoginAndCreateAnAccountPageTest"/>
  <testcase name="fillAllRegistrationFormWithCorrectData" time="14.263" classname="com.automationpractice.testcases.LoginAndCreateAnAccountPageTest"/>
  <testcase name="enterCorrectEmailTest" time="8.305" classname="com.automationpractice.testcases.LoginAndCreateAnAccountPageTest"/>
  <testcase name="fillAllRegistrationFormWithCorrectData" time="11.737" classname="com.automationpractice.testcases.LoginAndCreateAnAccountPageTest"/>
  <testcase name="enterIncorrectEmailTest" time="9.588" classname="com.automationpractice.testcases.LoginAndCreateAnAccountPageTest"/>
  <testcase name="enterIncorrectEmailTest" time="9.763" classname="com.automationpractice.testcases.LoginAndCreateAnAccountPageTest"/>
  <testcase name="enterIncorrectEmailTest" time="9.902" classname="com.automationpractice.testcases.LoginAndCreateAnAccountPageTest"/>
  <testcase name="enterIncorrectLoginData" time="7.772" classname="com.automationpractice.testcases.LoginAndCreateAnAccountPageTest"/>
  <testcase name="enterCorrectEmailTest" time="8.149" classname="com.automationpractice.testcases.LoginAndCreateAnAccountPageTest"/>
  <testcase name="enterIncorrectLoginData" time="8.635" classname="com.automationpractice.testcases.LoginAndCreateAnAccountPageTest"/>
</testsuite> <!-- com.automationpractice.testcases.LoginAndCreateAnAccountPageTest -->
