<?xml version="1.0" encoding="UTF-8"?>
<!-- Generated by org.testng.reporters.JUnitReportReporter -->
<testsuite skipped="0" hostname="iza-Komputer" name="com.automationpractice.testcases.MainPageTest" tests="2" failures="0" timestamp="11 Mar 2019 11:22:23 GMT" time="34.714" errors="0">
  <testcase name="orderedSuccesfullyPaidByBankWire" time="25.385" classname="com.automationpractice.testcases.MainPageTest"/>
  <testcase name="moveOverElementShowsBuyingAndDetailsOptionsTest" time="9.329" classname="com.automationpractice.testcases.MainPageTest"/>
</testsuite> <!-- com.automationpractice.testcases.MainPageTest -->
