<?xml version="1.0" encoding="UTF-8"?>
<!-- Generated by org.testng.reporters.JUnitReportReporter -->
<testsuite skipped="0" hostname="iza-Komputer" name="com.automationpractice.testcases.LoginAndCreateAnAccountPageTest" tests="12" failures="0" timestamp="13 lut 2019 10:38:46 GMT" time="178.551" errors="0">
  <testcase name="createAnAccount_enterIncorrectEmailTest" time="17.343" classname="com.automationpractice.testcases.LoginAndCreateAnAccountPageTest"/>
  <testcase name="createAnAccount_enterCorrectEmailTest" time="9.207" classname="com.automationpractice.testcases.LoginAndCreateAnAccountPageTest"/>
  <testcase name="createAnAccount_enterIncorrectEmailTest" time="17.301" classname="com.automationpractice.testcases.LoginAndCreateAnAccountPageTest"/>
  <testcase name="createAnAccount_enterIncorrectEmailTest" time="17.312" classname="com.automationpractice.testcases.LoginAndCreateAnAccountPageTest"/>
  <testcase name="createAnAccount_enterIncorrectEmailTest" time="17.686" classname="com.automationpractice.testcases.LoginAndCreateAnAccountPageTest"/>
  <testcase name="createAnAccount_enterCorrectEmailTest" time="11.585" classname="com.automationpractice.testcases.LoginAndCreateAnAccountPageTest"/>
  <testcase name="createAnAccount_enterIncorrectEmailTest" time="17.567" classname="com.automationpractice.testcases.LoginAndCreateAnAccountPageTest"/>
  <testcase name="createAnAccount_enterIncorrectEmailTest" time="17.127" classname="com.automationpractice.testcases.LoginAndCreateAnAccountPageTest"/>
  <testcase name="logIn_enterCorrectLoginAndPasswordTest" time="8.632" classname="com.automationpractice.testcases.LoginAndCreateAnAccountPageTest"/>
  <testcase name="createAnAccount_enterIncorrectEmailTest" time="17.845" classname="com.automationpractice.testcases.LoginAndCreateAnAccountPageTest"/>
  <testcase name="createAnAccount_enterCorrectEmailTest" time="8.458" classname="com.automationpractice.testcases.LoginAndCreateAnAccountPageTest"/>
  <testcase name="createAnAccount_enterIncorrectEmailTest" time="18.488" classname="com.automationpractice.testcases.LoginAndCreateAnAccountPageTest"/>
</testsuite> <!-- com.automationpractice.testcases.LoginAndCreateAnAccountPageTest -->
