<?xml version="1.0" encoding="UTF-8"?>
<!-- Generated by org.testng.reporters.JUnitReportReporter -->
<testsuite skipped="1" hostname="iza-Komputer" name="com.automationpractice.testcases.LoginAndCreateAnAccountPageTest" tests="17" failures="0" timestamp="18 Feb 2019 18:34:46 GMT" time="170.033" errors="0">
  <testcase name="enterIncorrectEmailTest" time="11.017" classname="com.automationpractice.testcases.LoginAndCreateAnAccountPageTest"/>
  <testcase name="enterCorrectEmailTest" time="8.524" classname="com.automationpractice.testcases.LoginAndCreateAnAccountPageTest"/>
  <testcase name="fillAllRegistrationFormWithCorrectData" time="12.855" classname="com.automationpractice.testcases.LoginAndCreateAnAccountPageTest"/>
  <testcase name="fillAllRegistrationFormWithCorrectData" time="14.100" classname="com.automationpractice.testcases.LoginAndCreateAnAccountPageTest"/>
  <testcase name="enterCorrectLoginAndPasswordTest" time="8.705" classname="com.automationpractice.testcases.LoginAndCreateAnAccountPageTest"/>
  <testcase name="enterIncorrectEmailTest" time="10.433" classname="com.automationpractice.testcases.LoginAndCreateAnAccountPageTest"/>
  <testcase name="enterCorrectEmailTest" time="8.336" classname="com.automationpractice.testcases.LoginAndCreateAnAccountPageTest"/>
  <testcase name="enterIncorrectEmailTest" time="10.639" classname="com.automationpractice.testcases.LoginAndCreateAnAccountPageTest"/>
  <testcase name="enterIncorrectEmailTest" time="10.580" classname="com.automationpractice.testcases.LoginAndCreateAnAccountPageTest"/>
  <testcase name="enterIncorrectEmailTest" time="10.265" classname="com.automationpractice.testcases.LoginAndCreateAnAccountPageTest"/>
  <testcase name="enterIncorrectEmailTest" time="10.390" classname="com.automationpractice.testcases.LoginAndCreateAnAccountPageTest"/>
  <testcase name="enterIncorrectEmailTest" time="10.865" classname="com.automationpractice.testcases.LoginAndCreateAnAccountPageTest"/>
  <testcase name="enterIncorrectEmailTest" time="10.805" classname="com.automationpractice.testcases.LoginAndCreateAnAccountPageTest"/>
  <testcase name="enterCorrectEmailTest" time="9.208" classname="com.automationpractice.testcases.LoginAndCreateAnAccountPageTest"/>
  <testcase name="enterExistingEmailTest" time="10.323" classname="com.automationpractice.testcases.LoginAndCreateAnAccountPageTest"/>
  <testcase name="fillAllRegistrationFormWithCorrectData" time="12.988" classname="com.automationpractice.testcases.LoginAndCreateAnAccountPageTest"/>
  <testcase name="enterIncorrectLoginData" classname="com.automationpractice.testcases.LoginAndCreateAnAccountPageTest">
    <skipped/>
  </testcase> <!-- enterIncorrectLoginData -->
</testsuite> <!-- com.automationpractice.testcases.LoginAndCreateAnAccountPageTest -->
