<?xml version="1.0" encoding="UTF-8"?>
<!-- Generated by org.testng.reporters.JUnitReportReporter -->
<testsuite skipped="0" hostname="iza-Komputer" name="com.automationpractice.testcases.LoginAndCreateAnAccountPageTest" tests="2" failures="0" timestamp="12 lut 2019 09:31:24 GMT" time="17.568" errors="0">
  <testcase name="createAnAccount_enterCorrectEmailTest" time="9.154" classname="com.automationpractice.testcases.LoginAndCreateAnAccountPageTest"/>
  <testcase name="createAnAccount_enterCorrectEmailTest" time="8.414" classname="com.automationpractice.testcases.LoginAndCreateAnAccountPageTest"/>
</testsuite> <!-- com.automationpractice.testcases.LoginAndCreateAnAccountPageTest -->
