<?xml version="1.0" encoding="UTF-8"?>
<!-- Generated by org.testng.reporters.JUnitReportReporter -->
<testsuite skipped="0" hostname="iza-Komputer" name="com.automationpractice.testcases.MainPageTest" tests="1" failures="0" timestamp="21 Feb 2019 13:04:25 GMT" time="8.659" errors="0">
  <testcase name="moveOverElementShowsBuyingAndDetailsOptions" time="8.659" classname="com.automationpractice.testcases.MainPageTest"/>
</testsuite> <!-- com.automationpractice.testcases.MainPageTest -->
